19:13:39.918 INFO  manager.ApplicationManager - All tests run in Chrome Browser
19:13:40.682 INFO  manager.ApplicationManager - The link -->https://telranedu.web.app/home
19:13:40.737 INFO  tests.TestBase - Name of methodloginSuccessTest
19:13:45.759 INFO  tests.TestBase - Start test with name `loginSuccessTest`
19:13:45.759 INFO  tests.TestBase - Test data --> email: `test.anna.book@gmail.com` & password: `SAMASAMa2023@`
19:13:47.119 INFO  tests.TestBase - Assert check is Element button `Sign Out` present
19:13:47.123 INFO  tests.TestBase - Name of methodloginSuccessTest1
19:13:47.162 INFO  tests.TestBase - Before method finish logout
19:13:47.162 INFO  tests.TestBase - Test data --> email: `test.anna.book@gmail.com` & password: `SAMASAMa2023@`
19:13:47.804 INFO  tests.TestBase - Assert check is Element button `Sign Out` present
19:13:47.809 INFO  tests.TestBase - Name of methodloginUnregistered
19:13:47.860 INFO  tests.TestBase - Before method finish logout
19:13:47.861 INFO  tests.TestBase - Test data --> email: `tests.anna.book@gmail.com` & password: `SAMASAMaa2023@`
19:13:48.716 INFO  tests.TestBase - Assert check is Alert with error text `Wrong email or password`
19:13:48.717 INFO  tests.TestBase - Name of methodloginWrongEmail
19:13:53.778 INFO  tests.TestBase - Test data --> email: `test.anna.bookgmail.com` & password: `SAMASAMa2023@`
19:13:54.587 INFO  tests.TestBase - Assert check is Alert with error text `Wrong email or password`
19:13:54.592 INFO  tests.TestBase - Name of methodloginWrongPassword
19:13:59.631 INFO  tests.TestBase - Test data --> email: `test.anna.book@gmail.com` & password: `SAMASAMa2023`
19:14:00.989 INFO  tests.TestBase - Assert check is Alert with error text `Wrong email or password`
